
<puzzle id="MTC" class="sqm.matchsticks">
	<challenge id="20">
		<date>2020.12.11.07.14.53</date>
	<designer>
		<name type="author" id="SGS">Serhiy Grabarchuk Jr</name>
	</designer>
		<title>Test Title Content</title>
		<setup goal="image:generate">
			<rules type="text"> 
                Rules Descriptioon
			</rules>
            <piece id="1" base="1" rotation="1" meet_ends="1,1" shift="1,1"/><piece id="2" base="2" rotation="2" meet_ends="1,1" shift="2,2"/> 
	   </setup>
	</challenge>
</puzzle> 
